git -C /Users/jonas/Documents/Git/vps status -u --porcelain 2>&1
git -C /Users/jonas/Documents/Git/vps rev-list --count master 2>&1
git -C /Users/jonas/Documents/Git/vps log origin/master..master --format=%h 2>&1
git -C /Users/jonas/Documents/Git/vps log master --pretty=format:"%h|%an|%ae|%ad|%s" --skip='0' --max-count='15' 2>&1
git -C /Users/jonas/Documents/Git/vps add . --verbose 2>&1
git -C /Users/jonas/Documents/Git/vps status -u --porcelain 2>&1
git -C /Users/jonas/Documents/Git/vps add . --verbose 2>&1
git -C /Users/jonas/Documents/Git/vps status -u --porcelain 2>&1
git -C /Users/jonas/Documents/Git/vps status -u --porcelain 2>&1
git -C /Users/jonas/Documents/Git/vps rev-list --count master 2>&1
git -C /Users/jonas/Documents/Git/vps log origin/master..master --format=%h 2>&1
git -C /Users/jonas/Documents/Git/vps log master --pretty=format:"%h|%an|%ae|%ad|%s" --skip='0' --max-count='15' 2>&1
git -C /Users/jonas/Documents/Git/vps add . --verbose 2>&1
git -C /Users/jonas/Documents/Git/vps status -u --porcelain 2>&1
git -C /Users/jonas/Documents/Git/vps -c user.name='Kirby Git' -c user.email='hello@oblik.studio' commit --message='feat(kirby-git): + added kirby-git (#backend)' --no-status 2>&1
git -C /Users/jonas/Documents/Git/vps status -u --porcelain 2>&1
git -C /Users/jonas/Documents/Git/vps rev-list --count master 2>&1
git -C /Users/jonas/Documents/Git/vps log origin/master..master --format=%h 2>&1
git -C /Users/jonas/Documents/Git/vps log master --pretty=format:"%h|%an|%ae|%ad|%s" --skip='0' --max-count='15' 2>&1
git -C /Users/jonas/Documents/Git/vps push origin master 2>&1
git -C /Users/jonas/Documents/Git/vps rev-list --count master 2>&1
git -C /Users/jonas/Documents/Git/vps log origin/master..master --format=%h 2>&1
git -C /Users/jonas/Documents/Git/vps log master --pretty=format:"%h|%an|%ae|%ad|%s" --skip='0' --max-count='15' 2>&1
/usr/bin/git -C /Users/jonas/Documents/Git/vps status -u --porcelain 2>&1
/usr/bin/git -C /Users/jonas/Documents/Git/vps rev-list --count master 2>&1
/usr/bin/git -C /Users/jonas/Documents/Git/vps log origin/master..master --format=%h 2>&1
/usr/bin/git -C /Users/jonas/Documents/Git/vps log master --pretty=format:"%h|%an|%ae|%ad|%s" --skip='0' --max-count='15' 2>&1
/usr/bin/git -C /Users/jonas/Documents/Git/vps add . --verbose 2>&1
/usr/bin/git -C /Users/jonas/Documents/Git/vps status -u --porcelain 2>&1
/usr/bin/git -C /Users/jonas/Documents/Git/vps -c user.name='Kirby Git' -c user.email='hello@oblik.studio' commit --message='fix(kirby-git): added git.bin (#backend)' --no-status 2>&1
/usr/bin/git -C /Users/jonas/Documents/Git/vps status -u --porcelain 2>&1
/usr/bin/git -C /Users/jonas/Documents/Git/vps rev-list --count master 2>&1
/usr/bin/git -C /Users/jonas/Documents/Git/vps log origin/master..master --format=%h 2>&1
/usr/bin/git -C /Users/jonas/Documents/Git/vps log master --pretty=format:"%h|%an|%ae|%ad|%s" --skip='0' --max-count='15' 2>&1
/usr/bin/git -C /Users/jonas/Documents/Git/vps push origin master 2>&1
/usr/bin/git -C /Users/jonas/Documents/Git/vps rev-list --count master 2>&1
/usr/bin/git -C /Users/jonas/Documents/Git/vps log origin/master..master --format=%h 2>&1
/usr/bin/git -C /Users/jonas/Documents/Git/vps log master --pretty=format:"%h|%an|%ae|%ad|%s" --skip='0' --max-count='15' 2>&1
/usr/bin/git -C /Users/jonas/Documents/Git/vps status -u --porcelain 2>&1
/usr/bin/git -C /Users/jonas/Documents/Git/vps rev-list --count master 2>&1
/usr/bin/git -C /Users/jonas/Documents/Git/vps log origin/master..master --format=%h 2>&1
/usr/bin/git -C /Users/jonas/Documents/Git/vps log master --pretty=format:"%h|%an|%ae|%ad|%s" --skip='0' --max-count='15' 2>&1
/usr/bin/git -C /Users/jonas/Documents/Git/vps add . --verbose 2>&1
/usr/bin/git -C /Users/jonas/Documents/Git/vps status -u --porcelain 2>&1
/usr/bin/git -C /Users/jonas/Documents/Git/vps -c commit --message='feat(kirby-git): change user (' (User: '', Mail: 'jonasleonhardfl@gmail.com') --no-status 2>&1
/usr/bin/git -C /Users/jonas/Documents/Git/vps rev-list --count master 2>&1
/usr/bin/git -C /Users/jonas/Documents/Git/vps log origin/master..master --format=%h 2>&1
/usr/bin/git -C /Users/jonas/Documents/Git/vps log master --pretty=format:"%h|%an|%ae|%ad|%s" --skip='0' --max-count='15' 2>&1
/usr/bin/git -C /Users/jonas/Documents/Git/vps -c commit --message='feat(kirby-git): change user (' (User: '', Mail: 'jonasleonhardfl@gmail.com') --no-status 2>&1
/usr/bin/git -C /Users/jonas/Documents/Git/vps rev-list --count master 2>&1
/usr/bin/git -C /Users/jonas/Documents/Git/vps log origin/master..master --format=%h 2>&1
/usr/bin/git -C /Users/jonas/Documents/Git/vps log master --pretty=format:"%h|%an|%ae|%ad|%s" --skip='0' --max-count='15' 2>&1
/usr/bin/git -C /Users/jonas/Documents/Git/vps -c commit --message='feat(kirby-git): change user (#backend)' (User: '', Mail: 'jonasleonhardfl@gmail.com') --no-status 2>&1
/usr/bin/git -C /Users/jonas/Documents/Git/vps rev-list --count master 2>&1
/usr/bin/git -C /Users/jonas/Documents/Git/vps log origin/master..master --format=%h 2>&1
/usr/bin/git -C /Users/jonas/Documents/Git/vps log master --pretty=format:"%h|%an|%ae|%ad|%s" --skip='0' --max-count='15' 2>&1
/usr/bin/git -C /Users/jonas/Documents/Git/vps -c commit --message='feat(kirby-git): change user (#backend)' (User: '', Mail: 'jonasleonhardfl@gmail.com') --no-status 2>&1
/usr/bin/git -C /Users/jonas/Documents/Git/vps rev-list --count master 2>&1
/usr/bin/git -C /Users/jonas/Documents/Git/vps log origin/master..master --format=%h 2>&1
/usr/bin/git -C /Users/jonas/Documents/Git/vps log master --pretty=format:"%h|%an|%ae|%ad|%s" --skip='0' --max-count='15' 2>&1
/usr/bin/git -C /Users/jonas/Documents/Git/vps status -u --porcelain 2>&1
/usr/bin/git -C /Users/jonas/Documents/Git/vps rev-list --count master 2>&1
/usr/bin/git -C /Users/jonas/Documents/Git/vps log origin/master..master --format=%h 2>&1
/usr/bin/git -C /Users/jonas/Documents/Git/vps log master --pretty=format:"%h|%an|%ae|%ad|%s" --skip='0' --max-count='15' 2>&1
/usr/bin/git -C /Users/jonas/Documents/Git/vps add . --verbose 2>&1
/usr/bin/git -C /Users/jonas/Documents/Git/vps status -u --porcelain 2>&1
/usr/bin/git -C /Users/jonas/Documents/Git/vps -c commit --message='feat(kirby-git): change commit user (#backend)' ('jonas', 'kirby-git') --no-status 2>&1
/usr/bin/git -C /Users/jonas/Documents/Git/vps rev-list --count master 2>&1
/usr/bin/git -C /Users/jonas/Documents/Git/vps log origin/master..master --format=%h 2>&1
/usr/bin/git -C /Users/jonas/Documents/Git/vps log master --pretty=format:"%h|%an|%ae|%ad|%s" --skip='0' --max-count='15' 2>&1
/usr/bin/git -C /Users/jonas/Documents/Git/vps status -u --porcelain 2>&1
/usr/bin/git -C /Users/jonas/Documents/Git/vps rev-list --count master 2>&1
/usr/bin/git -C /Users/jonas/Documents/Git/vps log origin/master..master --format=%h 2>&1
/usr/bin/git -C /Users/jonas/Documents/Git/vps log master --pretty=format:"%h|%an|%ae|%ad|%s" --skip='0' --max-count='15' 2>&1
/usr/bin/git -C /Users/jonas/Documents/Git/vps add . --verbose 2>&1
/usr/bin/git -C /Users/jonas/Documents/Git/vps status -u --porcelain 2>&1
/usr/bin/git -C /Users/jonas/Documents/Git/vps -c commit --message='feat(kirby-git): changed git-user (#backend)' --no-status 2>&1
/usr/bin/git -C /Users/jonas/Documents/Git/vps rev-list --count master 2>&1
/usr/bin/git -C /Users/jonas/Documents/Git/vps log origin/master..master --format=%h 2>&1
/usr/bin/git -C /Users/jonas/Documents/Git/vps log master --pretty=format:"%h|%an|%ae|%ad|%s" --skip='0' --max-count='15' 2>&1
git -C /Users/jonas/Documents/Git/vps status -u --porcelain 2>&1
git -C /Users/jonas/Documents/Git/vps rev-list --count master 2>&1
git -C /Users/jonas/Documents/Git/vps log origin/master..master --format=%h 2>&1
git -C /Users/jonas/Documents/Git/vps log master --pretty=format:"%h|%an|%ae|%ad|%s" --skip='0' --max-count='15' 2>&1
git -C /Users/jonas/Documents/Git/vps add . --verbose 2>&1
